


ARM Macro Assembler    Page 1 


    1 00000000         ;/* ----------------------------------------------------
                       ------------------
    2 00000000         ;* Copyright (C) 2010-2014 ARM Limited. All rights reser
                       ved.
    3 00000000         ;*
    4 00000000         ;* $Date:       19. March 2015 
    5 00000000         ;* $Revision:  V.1.4.5
    6 00000000         ;*
    7 00000000         ;* Project:  CMSIS DSP Library
    8 00000000         ;* Title:     arm_bitreversal2.S
    9 00000000         ;*
   10 00000000         ;* Description: This is the arm_bitreversal_32 function 
                       done in
   11 00000000         ;*              assembly for maximum speed.  This functi
                       on is called
   12 00000000         ;*              after doing an fft to reorder the output
                       .  The function
   13 00000000         ;*              is loop unrolled by 2. arm_bitreversal_1
                       6 as well.
   14 00000000         ;*
   15 00000000         ;* Target Processor: Cortex-M4/Cortex-M3/Cortex-M0
   16 00000000         ;*
   17 00000000         ;* Redistribution and use in source and binary forms, wi
                       th or without
   18 00000000         ;* modification, are permitted provided that the followi
                       ng conditions
   19 00000000         ;* are met:
   20 00000000         ;*   - Redistributions of source code must retain the ab
                       ove copyright
   21 00000000         ;*     notice, this list of conditions and the following
                        disclaimer.
   22 00000000         ;*   - Redistributions in binary form must reproduce the
                        above copyright
   23 00000000         ;*     notice, this list of conditions and the following
                        disclaimer in
   24 00000000         ;*     the documentation and/or other materials provided
                        with the
   25 00000000         ;*     distribution.
   26 00000000         ;*   - Neither the name of ARM LIMITED nor the names of 
                       its contributors
   27 00000000         ;*     may be used to endorse or promote products derive
                       d from this
   28 00000000         ;*     software without specific prior written permissio
                       n.
   29 00000000         ;*
   30 00000000         ;* THIS SOFTWARE IS PROVIDED BY THE COPYRIGHT HOLDERS AN
                       D CONTRIBUTORS
   31 00000000         ;* "AS IS" AND ANY EXPRESS OR IMPLIED WARRANTIES, INCLUD
                       ING, BUT NOT
   32 00000000         ;* LIMITED TO, THE IMPLIED WARRANTIES OF MERCHANTABILITY
                        AND FITNESS
   33 00000000         ;* FOR A PARTICULAR PURPOSE ARE DISCLAIMED. IN NO EVENT 
                       SHALL THE
   34 00000000         ;* COPYRIGHT OWNER OR CONTRIBUTORS BE LIABLE FOR ANY DIR
                       ECT, INDIRECT,
   35 00000000         ;* INCIDENTAL, SPECIAL, EXEMPLARY, OR CONSEQUENTIAL DAMA
                       GES (INCLUDING,
   36 00000000         ;* BUT NOT LIMITED TO, PROCUREMENT OF SUBSTITUTE GOODS O
                       R SERVICES;



ARM Macro Assembler    Page 2 


   37 00000000         ;* LOSS OF USE, DATA, OR PROFITS; OR BUSINESS INTERRUPTI
                       ON) HOWEVER
   38 00000000         ;* CAUSED AND ON ANY THEORY OF LIABILITY, WHETHER IN CON
                       TRACT, STRICT
   39 00000000         ;* LIABILITY, OR TORT (INCLUDING NEGLIGENCE OR OTHERWISE
                       ) ARISING IN
   40 00000000         ;* ANY WAY OUT OF THE USE OF THIS SOFTWARE, EVEN IF ADVI
                       SED OF THE
   41 00000000         ;* POSSIBILITY OF SUCH DAMAGE.
   42 00000000         ;* -----------------------------------------------------
                       --------------- */
   43 00000000                 AREA             ||.text||, CODE, READONLY, ALIG
N=2
   44 00000000         
   45 00000000                 THUMB
   46 00000000         
   47 00000000         ;/*
   48 00000000         ;* @brief  In-place bit reversal function.
   49 00000000         ;* @param[in, out] *pSrc        points to the in-place b
                       uffer of unknown 32-bit data type.
   50 00000000         ;* @param[in]      bitRevLen    bit reversal table lengt
                       h
   51 00000000         ;* @param[in]      *pBitRevTab  points to bit reversal t
                       able.
   52 00000000         ;* @return none.
   53 00000000         ;*/
   54 00000000                 EXPORT           arm_bitreversal_32
   55 00000000                 EXPORT           arm_bitreversal_16
   56 00000000         
   57 00000000         
   58 00000000         arm_bitreversal_32
                               PROC
   59 00000000 1C4B            ADDS             r3,r1,#1
   60 00000002 2B01            CMP              r3,#1
   61 00000004 BF98            IT               LS
   62 00000006 4770            BXLS             lr
   63 00000008 E92D 03F0       PUSH             {r4-r9}
   64 0000000C 1C91            ADDS             r1,r2,#2
   65 0000000E 089B            LSRS             r3,r3,#2
   66 00000010         arm_bitreversal_32_0                 ;/* loop unrolled b
                                                            y 2 */
   67 00000010 F8B1 8004       LDRH             r8,[r1,#4]
   68 00000014 F8B1 9002       LDRH             r9,[r1,#2]
   69 00000018 880A            LDRH             r2,[r1,#0]
   70 0000001A F831 CC02       LDRH             r12,[r1,#-2]
   71 0000001E 4480            ADD              r8,r0,r8
   72 00000020 4481            ADD              r9,r0,r9
   73 00000022 4402            ADD              r2,r0,r2
   74 00000024 4484            ADD              r12,r0,r12
   75 00000026 F8D9 7000       LDR              r7,[r9,#0]
   76 0000002A F8D8 6000       LDR              r6,[r8,#0]
   77 0000002E 6815            LDR              r5,[r2,#0]
   78 00000030 F8DC 4000       LDR              r4,[r12,#0]
   79 00000034 F8C9 6000       STR              r6,[r9,#0]
   80 00000038 F8C8 7000       STR              r7,[r8,#0]
   81 0000003C F8CC 5000       STR              r5,[r12,#0]
   82 00000040 6014            STR              r4,[r2,#0]
   83 00000042 F8D9 7004       LDR              r7,[r9,#4]
   84 00000046 F8D8 6004       LDR              r6,[r8,#4]



ARM Macro Assembler    Page 3 


   85 0000004A 6855            LDR              r5,[r2,#4]
   86 0000004C F8DC 4004       LDR              r4,[r12,#4]
   87 00000050 F8C9 6004       STR              r6,[r9,#4]
   88 00000054 F8C8 7004       STR              r7,[r8,#4]
   89 00000058 F8CC 5004       STR              r5,[r12,#4]
   90 0000005C 6054            STR              r4,[r2,#4]
   91 0000005E 3108            ADDS             r1,r1,#8
   92 00000060 1E5B            SUBS             r3,r3,#1
   93 00000062 D1D5            BNE              arm_bitreversal_32_0
   94 00000064 E8BD 03F0       POP              {r4-r9}
   95 00000068 4770            BX               lr
   96 0000006A                 ENDP
   97 0000006A         
   98 0000006A         arm_bitreversal_16
                               PROC
   99 0000006A 1C4B            ADDS             r3,r1,#1
  100 0000006C 2B01            CMP              r3,#1
  101 0000006E BF98            IT               LS
  102 00000070 4770            BXLS             lr
  103 00000072 E92D 03F0       PUSH             {r4-r9}
  104 00000076 1C91            ADDS             r1,r2,#2
  105 00000078 089B            LSRS             r3,r3,#2
  106 0000007A         arm_bitreversal_16_0                 ;/* loop unrolled b
                                                            y 2 */
  107 0000007A F8B1 8004       LDRH             r8,[r1,#4]
  108 0000007E F8B1 9002       LDRH             r9,[r1,#2]
  109 00000082 880A            LDRH             r2,[r1,#0]
  110 00000084 F831 CC02       LDRH             r12,[r1,#-2]
  111 00000088 EB00 0858       ADD              r8,r0,r8,LSR #1
  112 0000008C EB00 0959       ADD              r9,r0,r9,LSR #1
  113 00000090 EB00 0252       ADD              r2,r0,r2,LSR #1
  114 00000094 EB00 0C5C       ADD              r12,r0,r12,LSR #1
  115 00000098 F8D9 7000       LDR              r7,[r9,#0]
  116 0000009C F8D8 6000       LDR              r6,[r8,#0]
  117 000000A0 6815            LDR              r5,[r2,#0]
  118 000000A2 F8DC 4000       LDR              r4,[r12,#0]
  119 000000A6 F8C9 6000       STR              r6,[r9,#0]
  120 000000AA F8C8 7000       STR              r7,[r8,#0]
  121 000000AE F8CC 5000       STR              r5,[r12,#0]
  122 000000B2 6014            STR              r4,[r2,#0]
  123 000000B4 3108            ADDS             r1,r1,#8
  124 000000B6 1E5B            SUBS             r3,r3,#1
  125 000000B8 D1DF            BNE              arm_bitreversal_16_0
  126 000000BA E8BD 03F0       POP              {r4-r9}
  127 000000BE 4770            BX               lr
  128 000000C0                 ENDP
  129 000000C0         
  130 000000C0         
  131 000000C0                 END
Command Line: --debug --xref --diag_suppress=9931 --cpu=Cortex-M3 --apcs=interw
ork --depend=spectranf103\arm_bitreversal2.d -ospectranf103\arm_bitreversal2.o 
-I.\RTE\_SpectrAnF103 -IC:\Software\Keil_v5\ARM\PACK\ARM\CMSIS\5.0.1\CMSIS\Incl
ude -IC:\Software\Keil_v5\ARM\PACK\Keil\STM32F1xx_DFP\2.2.0\Device\Include --pr
edefine="__MICROLIB SETA 1" --predefine="__UVISION_VERSION SETA 523" --predefin
e="_RTE_ SETA 1" --predefine="STM32F10X_MD SETA 1" --list=arm_bitreversal2.lst 
..\Drivers\CMSIS\DSP\Source\TransformFunctions\arm_bitreversal2.S



ARM Macro Assembler    Page 1 Alphabetic symbol ordering
Relocatable symbols

arm_bitreversal_16 0000006A

Symbol: arm_bitreversal_16
   Definitions
      At line 98 in file ..\Drivers\CMSIS\DSP\Source\TransformFunctions\arm_bit
reversal2.S
   Uses
      At line 55 in file ..\Drivers\CMSIS\DSP\Source\TransformFunctions\arm_bit
reversal2.S
Comment: arm_bitreversal_16 used once
arm_bitreversal_16_0 0000007A

Symbol: arm_bitreversal_16_0
   Definitions
      At line 106 in file ..\Drivers\CMSIS\DSP\Source\TransformFunctions\arm_bi
treversal2.S
   Uses
      At line 125 in file ..\Drivers\CMSIS\DSP\Source\TransformFunctions\arm_bi
treversal2.S
Comment: arm_bitreversal_16_0 used once
arm_bitreversal_32 00000000

Symbol: arm_bitreversal_32
   Definitions
      At line 58 in file ..\Drivers\CMSIS\DSP\Source\TransformFunctions\arm_bit
reversal2.S
   Uses
      At line 54 in file ..\Drivers\CMSIS\DSP\Source\TransformFunctions\arm_bit
reversal2.S
Comment: arm_bitreversal_32 used once
arm_bitreversal_32_0 00000010

Symbol: arm_bitreversal_32_0
   Definitions
      At line 66 in file ..\Drivers\CMSIS\DSP\Source\TransformFunctions\arm_bit
reversal2.S
   Uses
      At line 93 in file ..\Drivers\CMSIS\DSP\Source\TransformFunctions\arm_bit
reversal2.S
Comment: arm_bitreversal_32_0 used once
|.text| 00000000

Symbol: |.text|
   Definitions
      At line 43 in file ..\Drivers\CMSIS\DSP\Source\TransformFunctions\arm_bit
reversal2.S
   Uses
      None
Comment: |.text| unused
5 symbols
339 symbols in table
